Info: Meshing 1D...
Info: Meshing curve 1 (Line)
Progress: Meshing 1D...
Info: Meshing curve 2 (Line)
Progress: Meshing 1D...
Info: Meshing curve 3 (Line)
Progress: Meshing 1D...
Info: Meshing curve 4 (Line)
Progress: Meshing 1D...
Info: Done meshing 1D (Wall 0.000159979s, CPU 0s)
Info: Meshing 2D...
Info: Meshing surface 1 (Plane, Frontal-Delaunay)
Progress: Meshing 2D...
Info: Done meshing 2D (Wall 0.000484943s, CPU 0s)
Info: 30 nodes 62 elements
Info: Meshing order 2 (curvilinear on)...
Info: Meshing curve 1 order 2
Progress: Meshing order 2 (curvilinear on)...
Info: Meshing curve 2 order 2
Progress: Meshing order 2 (curvilinear on)...
Info: Meshing curve 3 order 2
Progress: Meshing order 2 (curvilinear on)...
Info: Meshing curve 4 order 2
Progress: Meshing order 2 (curvilinear on)...
Info: Meshing surface 1 order 2
Progress: Meshing order 2 (curvilinear on)...
Info: Surface mesh: worst distortion = 1 (0 elements in ]0, 0.2]); worst gamma = 0.838239
Info: Done meshing order 2 (Wall 0.000112772s, CPU 0s)
Info: Writing 'mesh.inp'...
Info: Done writing 'mesh.inp'
