Info: Meshing 1D...
Info: Meshing curve 1 (Line)
Progress: Meshing 1D...
Info: Meshing curve 2 (Line)
Progress: Meshing 1D...
Info: Meshing curve 3 (Line)
Progress: Meshing 1D...
Info: Meshing curve 4 (Line)
Progress: Meshing 1D...
Info: Done meshing 1D (Wall 0.000255823s, CPU 0s)
Info: Meshing 2D...
Info: Meshing surface 1 (Plane, Frontal-Delaunay)
Progress: Meshing 2D...
Info: Done meshing 2D (Wall 0.332509s, CPU 0.265625s)
Info: 11834 nodes 23670 elements
Info: Meshing order 2 (curvilinear on)...
Info: Meshing curve 1 order 2
Progress: Meshing order 2 (curvilinear on)...
Info: Meshing curve 2 order 2
Progress: Meshing order 2 (curvilinear on)...
Info: Meshing curve 3 order 2
Progress: Meshing order 2 (curvilinear on)...
Info: Meshing curve 4 order 2
Progress: Meshing order 2 (curvilinear on)...
Info: Meshing surface 1 order 2
Progress: Meshing order 2 (curvilinear on)...
Info: Surface mesh: worst distortion = 1 (0 elements in ]0, 0.2]); worst gamma = 0.871248
Info: Done meshing order 2 (Wall 0.0748658s, CPU 0.0625s)
Info: Writing 'mesh.inp'...
Info: Done writing 'mesh.inp'
